#
# There is insufficient memory for the Java Runtime Environment to continue.
# Native memory allocation (mmap) failed to map 532676608 bytes for Failed to commit area from 0x0000000604800000 to 0x0000000624400000 of length 532676608.
# Possible reasons:
#   The system is out of physical RAM or swap space
#   The process is running with CompressedOops enabled, and the Java Heap may be blocking the growth of the native heap
# Possible solutions:
#   Reduce memory load on the system
#   Increase physical memory or swap space
#   Check if swap backing store is full
#   Decrease Java heap size (-Xmx/-Xms)
#   Decrease number of Java threads
#   Decrease Java thread stack sizes (-Xss)
#   Set larger code cache with -XX:ReservedCodeCacheSize=
# This output file may be truncated or incomplete.
#
#  Out of Memory Error (t:/workspace/open/src/hotspot/os/windows/os_windows.cpp:3269), pid=135852, tid=130080
#
# JRE version:  (11.0.2+9) (build )
# Java VM: OpenJDK 64-Bit Server VM (11.0.2+9, mixed mode, aot, sharing, tiered, compressed oops, g1 gc, windows-amd64)
# No core dump will be written. Minidumps are not enabled by default on client versions of Windows
#

---------------  S U M M A R Y ------------

Command Line: org.jetbrains.kotlin.cli.jvm.K2JVMCompiler @D:\reactNative\GitHub_RN_TS\node_modules\react-native-safe-area-context\android\build\20240112_6381324189952170889.compiler.options

Host: Intel(R) Core(TM) i9-10900 CPU @ 2.80GHz, 20 cores, 31G,  Windows 10 , 64 bit Build 22621 (10.0.22621.2506)
Time: Fri Jan 12 14:01:09 2024 中国标准时间 elapsed time: 0 seconds (0d 0h 0m 0s)

---------------  T H R E A D  ---------------

Current thread (0x000002193cbc1800):  JavaThread "Unknown thread" [_thread_in_vm, id=130080, stack(0x000000d596300000,0x000000d596400000)]

Stack: [0x000000d596300000,0x000000d596400000]
Native frames: (J=compiled Java code, j=interpreted, Vv=VM code, C=native code)
V  [jvm.dll+0x63489a]
V  [jvm.dll+0x771f9f]
V  [jvm.dll+0x773648]
V  [jvm.dll+0x773d03]
V  [jvm.dll+0x25eba8]
V  [jvm.dll+0x631d3a]
V  [jvm.dll+0x626775]
V  [jvm.dll+0x313ffc]
V  [jvm.dll+0x313e82]
V  [jvm.dll+0x3196e6]
V  [jvm.dll+0x36579f]
V  [jvm.dll+0x3651c0]
V  [jvm.dll+0x2f0ff8]
V  [jvm.dll+0x2f2156]
V  [jvm.dll+0x74b4f7]
V  [jvm.dll+0x74cc3f]
V  [jvm.dll+0x372609]
V  [jvm.dll+0x731b69]
V  [jvm.dll+0x3e1bad]
V  [jvm.dll+0x3e3e81]
C  [java.exe+0x3607]
C  [java.exe+0x1746c]
C  [KERNEL32.DLL+0x1257d]
C  [ntdll.dll+0x5aa58]


---------------  P R O C E S S  ---------------

Threads class SMR info:
_java_thread_list=0x000002193a866d00, length=0, elements={
}

Java Threads: ( => current thread )

Other Threads:
  0x000002193cbd6000 GCTaskThread "GC Thread#0" [stack: 0x000000d596400000,0x000000d596500000] [id=118740]
  0x000002193cc55800 ConcurrentGCThread "G1 Main Marker" [stack: 0x000000d596500000,0x000000d596600000] [id=116196]
  0x000002193cc58000 ConcurrentGCThread "G1 Conc#0" [stack: 0x000000d596600000,0x000000d596700000] [id=135704]

[error occurred during error reporting (printing all threads), id 0xc0000005, EXCEPTION_ACCESS_VIOLATION (0xc0000005) at pc=0x00007fffe654f5b7]

VM state:not at safepoint (not fully initialized)

VM Mutex/Monitor currently owned by a thread:  ([mutex/lock_event])
[0x000002193cbbed80] Heap_lock - owner thread: 0x000002193cbc1800

Heap address: 0x0000000604800000, size: 8120 MB, Compressed Oops mode: Non-zero based: 0x0000000604800000
Narrow klass base: 0x0000000000000000, Narrow klass shift: 0

GC Heap History (0 events):
No events

Deoptimization events (0 events):
No events

Classes redefined (0 events):
No events

Internal exceptions (0 events):
No events

Events (0 events):
No events


Dynamic libraries:
0x00007ff753910000 - 0x00007ff753955000 	C:\Users\Hansen\AppData\Local\jdk-11.0.2\bin\java.exe
0x00007ff84f790000 - 0x00007ff84f9a7000 	C:\WINDOWS\SYSTEM32\ntdll.dll
0x00007ff84d4e0000 - 0x00007ff84d5a4000 	C:\WINDOWS\System32\KERNEL32.DLL
0x00007ff84cb00000 - 0x00007ff84cea6000 	C:\WINDOWS\System32\KERNELBASE.dll
0x00007ff84e380000 - 0x00007ff84e52e000 	C:\WINDOWS\System32\USER32.dll
0x00007ff84d1e0000 - 0x00007ff84d206000 	C:\WINDOWS\System32\win32u.dll
0x00007ff84d850000 - 0x00007ff84d879000 	C:\WINDOWS\System32\GDI32.dll
0x00007ff84d3c0000 - 0x00007ff84d4d8000 	C:\WINDOWS\System32\gdi32full.dll
0x00007ff84d140000 - 0x00007ff84d1da000 	C:\WINDOWS\System32\msvcp_win.dll
0x00007ff84d020000 - 0x00007ff84d131000 	C:\WINDOWS\System32\ucrtbase.dll
0x00007ff8406f0000 - 0x00007ff840983000 	C:\WINDOWS\WinSxS\amd64_microsoft.windows.common-controls_6595b64144ccf1df_6.0.22621.2506_none_270c5ae97388e100\COMCTL32.dll
0x00007ff84dbc0000 - 0x00007ff84dc67000 	C:\WINDOWS\System32\msvcrt.dll
0x00007ff84f660000 - 0x00007ff84f691000 	C:\WINDOWS\System32\IMM32.DLL
0x00007ff849ad0000 - 0x00007ff849ae6000 	C:\Users\Hansen\AppData\Local\jdk-11.0.2\bin\vcruntime140.dll
0x00007ff81f6d0000 - 0x00007ff81f77a000 	C:\Users\Hansen\AppData\Local\jdk-11.0.2\bin\msvcp140.dll
0x00007fffe6250000 - 0x00007fffe6d73000 	C:\Users\Hansen\AppData\Local\jdk-11.0.2\bin\server\jvm.dll
0x00007ff84f330000 - 0x00007ff84f3e1000 	C:\WINDOWS\System32\ADVAPI32.dll
0x00007ff84d9f0000 - 0x00007ff84da95000 	C:\WINDOWS\System32\sechost.dll
0x00007ff84daa0000 - 0x00007ff84dbb7000 	C:\WINDOWS\System32\RPCRT4.dll
0x00007ff84e530000 - 0x00007ff84e538000 	C:\WINDOWS\System32\PSAPI.DLL
0x00007ff841110000 - 0x00007ff841144000 	C:\WINDOWS\SYSTEM32\WINMM.dll
0x00007ff825880000 - 0x00007ff825889000 	C:\WINDOWS\SYSTEM32\WSOCK32.dll
0x00007ff846dc0000 - 0x00007ff846dca000 	C:\WINDOWS\SYSTEM32\VERSION.dll
0x00007ff84d890000 - 0x00007ff84d901000 	C:\WINDOWS\System32\WS2_32.dll
0x00007ff84bbf0000 - 0x00007ff84bc08000 	C:\WINDOWS\SYSTEM32\kernel.appcore.dll
0x00007ff8458b0000 - 0x00007ff8458c1000 	C:\Users\Hansen\AppData\Local\jdk-11.0.2\bin\verify.dll
0x00007ff8294a0000 - 0x00007ff8296d3000 	C:\WINDOWS\SYSTEM32\DBGHELP.DLL
0x00007ff84e540000 - 0x00007ff84e8c9000 	C:\WINDOWS\System32\combase.dll
0x00007ff84d910000 - 0x00007ff84d9e7000 	C:\WINDOWS\System32\OLEAUT32.dll
0x00007ff829340000 - 0x00007ff829372000 	C:\WINDOWS\SYSTEM32\dbgcore.DLL
0x00007ff84d210000 - 0x00007ff84d28a000 	C:\WINDOWS\System32\bcryptPrimitives.dll
0x00007ff83bae0000 - 0x00007ff83bb08000 	C:\Users\Hansen\AppData\Local\jdk-11.0.2\bin\java.dll
0x00007ff83bac0000 - 0x00007ff83bad6000 	C:\Users\Hansen\AppData\Local\jdk-11.0.2\bin\zip.dll
0x00007ff849c70000 - 0x00007ff849c7a000 	C:\Users\Hansen\AppData\Local\jdk-11.0.2\bin\jimage.dll

dbghelp: loaded successfully - version: 4.0.5 - missing functions: none
symbol engine: initialized successfully - sym options: 0x614 - pdb path: .;C:\Users\Hansen\AppData\Local\jdk-11.0.2\bin;C:\WINDOWS\SYSTEM32;C:\WINDOWS\WinSxS\amd64_microsoft.windows.common-controls_6595b64144ccf1df_6.0.22621.2506_none_270c5ae97388e100;C:\Users\Hansen\AppData\Local\jdk-11.0.2\bin\server

VM Arguments:
java_command: org.jetbrains.kotlin.cli.jvm.K2JVMCompiler @D:\reactNative\GitHub_RN_TS\node_modules\react-native-safe-area-context\android\build\20240112_6381324189952170889.compiler.options
java_class_path (initial): C:\Users\Hansen\.gradle\caches\modules-2\files-2.1\org.jetbrains.kotlin\kotlin-compiler-embeddable\1.6.20\18f66cca4301c12893ebe4ef47d65c3d9d2bff9b\kotlin-compiler-embeddable-1.6.20.jar;C:\Users\Hansen\.gradle\caches\modules-2\files-2.1\org.jetbrains.kotlin\kotlin-reflect\1.6.20\669965154723f1a712e8677af0cc5470dfdab81c\kotlin-reflect-1.6.20.jar;C:\Users\Hansen\.gradle\caches\modules-2\files-2.1\org.jetbrains.kotlin\kotlin-stdlib\1.6.20\6cedc143badbb4f1c6b7f5a340b04edff1743208\kotlin-stdlib-1.6.20.jar;C:\Users\Hansen\.gradle\caches\modules-2\files-2.1\org.jetbrains.kotlin\kotlin-script-runtime\1.6.20\a115c367e0fd9c8909293b208689afca0c88a6f1\kotlin-script-runtime-1.6.20.jar;C:\Users\Hansen\.gradle\caches\modules-2\files-2.1\org.jetbrains.kotlin\kotlin-daemon-embeddable\1.6.20\d4cac343029f48f106c57f457384771165d7deb5\kotlin-daemon-embeddable-1.6.20.jar;C:\Users\Hansen\.gradle\caches\modules-2\files-2.1\org.jetbrains.intellij.deps\trove4j\1.0.20200330\3afb14d5f9ceb459d724e907a21145e8ff394f02\trove4j-1.0.20200330.jar;C:\Users\Hansen\.gradle\caches\modules-2\files-2.1\net.java.dev.jna\jna\5.6.0\330f2244e9030119ab3030fc3fededc86713d9cc\jna-5.6.0.jar;C:\Users\Hansen\.gradle\caches\modules-2\files-2.1\org.jetbrains.kotlin\kotlin-stdlib-common\1.6.20\27b4562b6713d70f458c6d7ea39aadacb8e6a92b\kotlin-stdlib-common-1.6.20.jar;C:\Users\Hansen\.gradle\caches\modules-2\files-2.1\org.jetbrains\annotations\13.0\919f0dfe192fb4e063e7dacadee7f8bb9a2672a9\annotations-13.0.jar
Launcher Type: SUN_STANDARD

[Global flags]
     intx CICompilerCount                          = 12                                        {product} {ergonomic}
     uint ConcGCThreads                            = 4                                         {product} {ergonomic}
     uint G1ConcRefinementThreads                  = 15                                        {product} {ergonomic}
   size_t G1HeapRegionSize                         = 2097152                                   {product} {ergonomic}
    uintx GCDrainStackTargetSize                   = 64                                        {product} {ergonomic}
   size_t InitialHeapSize                          = 532676608                                 {product} {ergonomic}
   size_t MarkStackSize                            = 4194304                                   {product} {ergonomic}
   size_t MaxHeapSize                              = 8514437120                                {product} {ergonomic}
   size_t MinHeapDeltaBytes                        = 2097152                                   {product} {ergonomic}
    uintx NonNMethodCodeHeapSize                   = 7591728                                {pd product} {ergonomic}
    uintx NonProfiledCodeHeapSize                  = 122033256                              {pd product} {ergonomic}
    uintx ProfiledCodeHeapSize                     = 122033256                              {pd product} {ergonomic}
    uintx ReservedCodeCacheSize                    = 251658240                              {pd product} {ergonomic}
     bool SegmentedCodeCache                       = true                                      {product} {ergonomic}
     bool UseCompressedClassPointers               = true                                 {lp64_product} {ergonomic}
     bool UseCompressedOops                        = true                                 {lp64_product} {ergonomic}
     bool UseG1GC                                  = true                                      {product} {ergonomic}
     bool UseLargePagesIndividualAllocation        = false                                  {pd product} {ergonomic}

Logging:
Log output configuration:
 #0: stdout all=warning uptime,level,tags
 #1: stderr all=off uptime,level,tags

Environment Variables:
JAVA_HOME=C:\Users\Hansen\AppData\Local\jdk-11.0.2
CLASSPATH=D:\reactNative\GitHub_RN_TS\android\\gradle\wrapper\gradle-wrapper.jar
PATH=D:\reactNative\GitHub_RN_TS\node_modules\.bin;D:\reactNative\node_modules\.bin;D:\node_modules\.bin;D:\software\node\node_modules\npm\node_modules\@npmcli\run-script\lib\node-gyp-bin;C:\Users\Hansen\AppData\Local\Temp\yarn--1705039145210-0.11189234902360012;D:\reactNative\GitHub_RN_TS\node_modules\.bin;C:\Users\Hansen\AppData\Local\Yarn\Data\link\node_modules\.bin;C:\Users\Hansen\AppData\Local\Yarn\bin;D:\software\libexec\lib\node_modules\npm\bin\node-gyp-bin;D:\software\lib\node_modules\npm\bin\node-gyp-bin;D:\software\node\node_modules\npm\bin\node-gyp-bin;C:\Program Files\PlasticSCM5\server;C:\Program Files\PlasticSCM5\client;C:\WINDOWS\system32;C:\WINDOWS;C:\WINDOWS\System32\Wbem;C:\WINDOWS\System32\WindowsPowerShell\v1.0\;C:\WINDOWS\System32\OpenSSH\;D:\software\nvm;C:\Program Files\nodejs;D:\software\node\;D:\software\Git\cmd;D:\software\微信web开发者工具\dll;C:\Users\Hansen\AppData\Local\Android\Sdk\platform-tools;C:\Users\Hansen\AppData\Local\Android\Sdk\tools;C:\Users\Hansen\AppData\Local\jdk-11.0.2\bin;C:\Users\Hansen\AppData\Local\Microsoft\WindowsApps;D:\software\nvm;C:\Program Files\nodejs;C:\Users\Hansen\AppData\Roaming\npm;D:\software\Microsoft VS Code\bin;C:\mongodb-windows-x86_64-5.0.21\mongodb-win32-x86_64-windows-5.0.21\bin;
USERNAME=Hansen
OS=Windows_NT
PROCESSOR_IDENTIFIER=Intel64 Family 6 Model 165 Stepping 5, GenuineIntel



---------------  S Y S T E M  ---------------

OS: Windows 10 , 64 bit Build 22621 (10.0.22621.2506)

CPU:total 20 (initial active 20) (10 cores per cpu, 2 threads per core) family 6 model 165 stepping 5, cmov, cx8, fxsr, mmx, sse, sse2, sse3, ssse3, sse4.1, sse4.2, popcnt, avx, avx2, aes, clmul, erms, 3dnowpref, lzcnt, ht, tsc, tscinvbit, bmi1, bmi2, adx, fma

Memory: 4k page, system-wide physical 32476M (5662M free)
TotalPageFile size 62827M (AvailPageFile size 352M)
current process WorkingSet (physical memory assigned to process): 11M, peak: 11M
current process commit charge ("private bytes"): 76M, peak: 584M

vm_info: OpenJDK 64-Bit Server VM (11.0.2+9) for windows-amd64 JRE (11.0.2+9), built on Jan 18 2019 05:23:22 by "mach5one" with MS VC++ 15.5 (VS2017)

END.
